[2023-03-23 08:42:04] local.ERROR: file_put_contents(C:\Users\yukiTanaka\Documents\Compass_repair\AtlasManagementSystem-master\storage\framework\views/a9cb337203e72a63a32b7568b3a92ce23a98510e.php): Failed to open stream: No such file or directory {"exception":"[object] (ErrorException(code: 0): file_put_contents(C:\\Users\\yukiTanaka\\Documents\\Compass_repair\\AtlasManagementSystem-master\\storage\\framework\\views/a9cb337203e72a63a32b7568b3a92ce23a98510e.php): Failed to open stream: No such file or directory at C:\\Users\\yukiTanaka\\Documents\\Compass_repair\\vendor\\laravel\\framework\\src\\Illuminate\\Filesystem\\Filesystem.php:133)
[stacktrace]
#0 [internal function]: Illuminate\\Foundation\\Bootstrap\\HandleExceptions->handleError(2, 'file_put_conten...', 'C:\\\\Users\\\\yukiTa...', 133)
#1 C:\\Users\\yukiTanaka\\Documents\\Compass_repair\\vendor\\laravel\\framework\\src\\Illuminate\\Filesystem\\Filesystem.php(133): file_put_contents('C:\\\\Users\\\\yukiTa...', '<?php $__env->s...', 0)
#2 C:\\Users\\yukiTanaka\\Documents\\Compass_repair\\vendor\\laravel\\framework\\src\\Illuminate\\View\\Compilers\\BladeCompiler.php(129): Illuminate\\Filesystem\\Filesystem->put('C:\\\\Users\\\\yukiTa...', '<?php $__env->s...')
#3 C:\\Users\\yukiTanaka\\Documents\\Compass_repair\\vendor\\laravel\\framework\\src\\Illuminate\\View\\Engines\\CompilerEngine.php(51): Illuminate\\View\\Compilers\\BladeCompiler->compile('C:\\\\Users\\\\yukiTa...')
#4 C:\\Users\\yukiTanaka\\Documents\\Compass_repair\\vendor\\facade\\ignition\\src\\Views\\Engines\\CompilerEngine.php(36): Illuminate\\View\\Engines\\CompilerEngine->get('C:\\\\Users\\\\yukiTa...', Array)
#5 C:\\Users\\yukiTanaka\\Documents\\Compass_repair\\vendor\\laravel\\framework\\src\\Illuminate\\View\\View.php(143): Facade\\Ignition\\Views\\Engines\\CompilerEngine->get('C:\\\\Users\\\\yukiTa...', Array)
#6 C:\\Users\\yukiTanaka\\Documents\\Compass_repair\\vendor\\laravel\\framework\\src\\Illuminate\\View\\View.php(126): Illuminate\\View\\View->getContents()
#7 C:\\Users\\yukiTanaka\\Documents\\Compass_repair\\vendor\\laravel\\framework\\src\\Illuminate\\View\\View.php(91): Illuminate\\View\\View->renderContents()
#8 C:\\Users\\yukiTanaka\\Documents\\Compass_repair\\vendor\\laravel\\framework\\src\\Illuminate\\Http\\Response.php(42): Illuminate\\View\\View->render()
#9 C:\\Users\\yukiTanaka\\Documents\\Compass_repair\\vendor\\symfony\\http-foundation\\Response.php(205): Illuminate\\Http\\Response->setContent(Object(Illuminate\\View\\View))
#10 C:\\Users\\yukiTanaka\\Documents\\Compass_repair\\vendor\\laravel\\framework\\src\\Illuminate\\Routing\\ResponseFactory.php(55): Symfony\\Component\\HttpFoundation\\Response->__construct(Object(Illuminate\\View\\View), 404, Array)
#11 C:\\Users\\yukiTanaka\\Documents\\Compass_repair\\vendor\\laravel\\framework\\src\\Illuminate\\Routing\\ResponseFactory.php(85): Illuminate\\Routing\\ResponseFactory->make(Object(Illuminate\\View\\View), 404, Array)
#12 C:\\Users\\yukiTanaka\\Documents\\Compass_repair\\vendor\\laravel\\framework\\src\\Illuminate\\Foundation\\Exceptions\\Handler.php(410): Illuminate\\Routing\\ResponseFactory->view('errors::404', Array, 404, Array)
#13 C:\\Users\\yukiTanaka\\Documents\\Compass_repair\\vendor\\laravel\\framework\\src\\Illuminate\\Foundation\\Exceptions\\Handler.php(315): Illuminate\\Foundation\\Exceptions\\Handler->renderHttpException(Object(Symfony\\Component\\HttpKernel\\Exception\\NotFoundHttpException))
#14 C:\\Users\\yukiTanaka\\Documents\\Compass_repair\\vendor\\laravel\\framework\\src\\Illuminate\\Foundation\\Exceptions\\Handler.php(212): Illuminate\\Foundation\\Exceptions\\Handler->prepareResponse(Object(Illuminate\\Http\\Request), Object(Symfony\\Component\\HttpKernel\\Exception\\NotFoundHttpException))
#15 C:\\Users\\yukiTanaka\\Documents\\Compass_repair\\app\\Exceptions\\Handler.php(53): Illuminate\\Foundation\\Exceptions\\Handler->render(Object(Illuminate\\Http\\Request), Object(Symfony\\Component\\HttpKernel\\Exception\\NotFoundHttpException))
#16 C:\\Users\\yukiTanaka\\Documents\\Compass_repair\\vendor\\laravel\\framework\\src\\Illuminate\\Routing\\Pipeline.php(51): App\\Exceptions\\Handler->render(Object(Illuminate\\Http\\Request), Object(Symfony\\Component\\HttpKernel\\Exception\\NotFoundHttpException))
#17 C:\\Users\\yukiTanaka\\Documents\\Compass_repair\\vendor\\laravel\\framework\\src\\Illuminate\\Pipeline\\Pipeline.php(132): Illuminate\\Routing\\Pipeline->handleException(Object(Illuminate\\Http\\Request), Object(Symfony\\Component\\HttpKernel\\Exception\\NotFoundHttpException))
#18 C:\\Users\\yukiTanaka\\Documents\\Compass_repair\\vendor\\laravel\\framework\\src\\Illuminate\\Foundation\\Http\\Middleware\\TransformsRequest.php(21): Illuminate\\Pipeline\\Pipeline->Illuminate\\Pipeline\\{closure}(Object(Illuminate\\Http\\Request))
#19 C:\\Users\\yukiTanaka\\Documents\\Compass_repair\\vendor\\laravel\\framework\\src\\Illuminate\\Pipeline\\Pipeline.php(171): Illuminate\\Foundation\\Http\\Middleware\\TransformsRequest->handle(Object(Illuminate\\Http\\Request), Object(Closure))
#20 C:\\Users\\yukiTanaka\\Documents\\Compass_repair\\vendor\\laravel\\framework\\src\\Illuminate\\Foundation\\Http\\Middleware\\TransformsRequest.php(21): Illuminate\\Pipeline\\Pipeline->Illuminate\\Pipeline\\{closure}(Object(Illuminate\\Http\\Request))
#21 C:\\Users\\yukiTanaka\\Documents\\Compass_repair\\vendor\\laravel\\framework\\src\\Illuminate\\Pipeline\\Pipeline.php(171): Illuminate\\Foundation\\Http\\Middleware\\TransformsRequest->handle(Object(Illuminate\\Http\\Request), Object(Closure))
#22 C:\\Users\\yukiTanaka\\Documents\\Compass_repair\\vendor\\laravel\\framework\\src\\Illuminate\\Foundation\\Http\\Middleware\\ValidatePostSize.php(27): Illuminate\\Pipeline\\Pipeline->Illuminate\\Pipeline\\{closure}(Object(Illuminate\\Http\\Request))
#23 C:\\Users\\yukiTanaka\\Documents\\Compass_repair\\vendor\\laravel\\framework\\src\\Illuminate\\Pipeline\\Pipeline.php(171): Illuminate\\Foundation\\Http\\Middleware\\ValidatePostSize->handle(Object(Illuminate\\Http\\Request), Object(Closure))
#24 C:\\Users\\yukiTanaka\\Documents\\Compass_repair\\vendor\\laravel\\framework\\src\\Illuminate\\Foundation\\Http\\Middleware\\CheckForMaintenanceMode.php(63): Illuminate\\Pipeline\\Pipeline->Illuminate\\Pipeline\\{closure}(Object(Illuminate\\Http\\Request))
#25 C:\\Users\\yukiTanaka\\Documents\\Compass_repair\\vendor\\laravel\\framework\\src\\Illuminate\\Pipeline\\Pipeline.php(171): Illuminate\\Foundation\\Http\\Middleware\\CheckForMaintenanceMode->handle(Object(Illuminate\\Http\\Request), Object(Closure))
#26 C:\\Users\\yukiTanaka\\Documents\\Compass_repair\\vendor\\fideloper\\proxy\\src\\TrustProxies.php(57): Illuminate\\Pipeline\\Pipeline->Illuminate\\Pipeline\\{closure}(Object(Illuminate\\Http\\Request))
#27 C:\\Users\\yukiTanaka\\Documents\\Compass_repair\\vendor\\laravel\\framework\\src\\Illuminate\\Pipeline\\Pipeline.php(171): Fideloper\\Proxy\\TrustProxies->handle(Object(Illuminate\\Http\\Request), Object(Closure))
#28 C:\\Users\\yukiTanaka\\Documents\\Compass_repair\\vendor\\laravel\\framework\\src\\Illuminate\\Pipeline\\Pipeline.php(105): Illuminate\\Pipeline\\Pipeline->Illuminate\\Pipeline\\{closure}(Object(Illuminate\\Http\\Request))
#29 C:\\Users\\yukiTanaka\\Documents\\Compass_repair\\vendor\\laravel\\framework\\src\\Illuminate\\Foundation\\Http\\Kernel.php(145): Illuminate\\Pipeline\\Pipeline->then(Object(Closure))
#30 C:\\Users\\yukiTanaka\\Documents\\Compass_repair\\vendor\\laravel\\framework\\src\\Illuminate\\Foundation\\Http\\Kernel.php(110): Illuminate\\Foundation\\Http\\Kernel->sendRequestThroughRouter(Object(Illuminate\\Http\\Request))
#31 C:\\Users\\yukiTanaka\\Documents\\Compass_repair\\public\\index.php(55): Illuminate\\Foundation\\Http\\Kernel->handle(Object(Illuminate\\Http\\Request))
#32 C:\\Users\\yukiTanaka\\Documents\\Compass_repair\\server.php(21): require_once('C:\\\\Users\\\\yukiTa...')
#33 {main}
"} 
